[debug] [2018-05-08T17:03:56.830Z] ----------------------------------------------------------------------
[debug] [2018-05-08T17:03:56.834Z] Command:       C:\Program Files\nodejs\node.exe C:\Users\Navu\AppData\Roaming\npm\node_modules\firebase-tools\bin\firebase deploy
[debug] [2018-05-08T17:03:56.834Z] CLI Version:   3.18.4
[debug] [2018-05-08T17:03:56.834Z] Platform:      win32
[debug] [2018-05-08T17:03:56.834Z] Node Version:  v10.0.0
[debug] [2018-05-08T17:03:56.835Z] Time:          Tue May 08 2018 22:33:56 GMT+0530 (India Standard Time)
[debug] [2018-05-08T17:03:56.835Z] ----------------------------------------------------------------------
[debug] 
[debug] [2018-05-08T17:03:56.881Z] > command requires scopes: ["email","openid","https://www.googleapis.com/auth/cloudplatformprojects.readonly","https://www.googleapis.com/auth/firebase","https://www.googleapis.com/auth/cloud-platform"]
[debug] [2018-05-08T17:03:56.883Z] > authorizing via signed-in user
[debug] [2018-05-08T17:03:56.887Z] > refreshing access token with scopes: ["email","https://www.googleapis.com/auth/cloud-platform","https://www.googleapis.com/auth/cloudplatformprojects.readonly","https://www.googleapis.com/auth/firebase","openid"]
[debug] [2018-05-08T17:03:56.887Z] >>> HTTP REQUEST POST https://www.googleapis.com/oauth2/v3/token  
 { refresh_token: '1/dgTdRuAeaf5csAUB1R_ue7DywEnktpPAaou9nIre8FQ',
  client_id: '563584335869-fgrhgmd47bqnekij5i8b5pr03ho849e6.apps.googleusercontent.com',
  client_secret: 'j9iVZfS8kkCEFUPaAeJV0sAi',
  grant_type: 'refresh_token',
  scope: 'email https://www.googleapis.com/auth/cloud-platform https://www.googleapis.com/auth/cloudplatformprojects.readonly https://www.googleapis.com/auth/firebase openid' } 
 Tue May 08 2018 22:33:56 GMT+0530 (India Standard Time)
[debug] [2018-05-08T17:04:01.638Z] <<< HTTP RESPONSE 200
[debug] [2018-05-08T17:04:01.702Z] >>> HTTP REQUEST GET https://admin.firebase.com/v1/projects/chatterbox-e230c  
  
 Tue May 08 2018 22:34:01 GMT+0530 (India Standard Time)
